<?xml version="1.0" encoding="UTF-8"?>
<testng-results ignored="0" total="2" passed="2" failed="0" skipped="0">
  <reporter-output>
  </reporter-output>
  <suite started-at="2024-03-15T15:55:40 IST" name="CustomerCare" finished-at="2024-03-15T15:55:53 IST" duration-ms="12450">
    <groups>
    </groups>
    <test started-at="2024-03-15T15:55:40 IST" name="Customercare v1" finished-at="2024-03-15T15:55:53 IST" duration-ms="12450">
      <class name="com.testcases.PolicySearch_TestCase">
        <test-method is-config="true" signature="setup(java.lang.String)[pri:0, instance:com.testcases.PolicySearch_TestCase@222545dc]" started-at="2024-03-15T15:55:40 IST" name="setup" finished-at="2024-03-15T15:55:46 IST" duration-ms="5969" status="PASS">
          <params>
            <param index="0">
              <value>
                <![CDATA[chrome]]>
              </value>
            </param>
          </params>
          <reporter-output>
          </reporter-output>
        </test-method> <!-- setup -->
        <test-method signature="policySearch()[pri:1, instance:com.testcases.PolicySearch_TestCase@222545dc]" started-at="2024-03-15T15:55:46 IST" name="policySearch" finished-at="2024-03-15T15:55:53 IST" duration-ms="6444" status="PASS">
          <reporter-output>
          </reporter-output>
        </test-method> <!-- policySearch -->
        <test-method signature="policyDetail()[pri:2, instance:com.testcases.PolicySearch_TestCase@222545dc]" started-at="2024-03-15T15:55:53 IST" name="policyDetail" finished-at="2024-03-15T15:55:53 IST" duration-ms="2" status="PASS">
          <reporter-output>
          </reporter-output>
        </test-method> <!-- policyDetail -->
        <test-method is-config="true" signature="tearDown()[pri:0, instance:com.testcases.PolicySearch_TestCase@222545dc]" started-at="2024-03-15T15:55:53 IST" name="tearDown" finished-at="2024-03-15T15:55:53 IST" duration-ms="0" status="PASS">
          <reporter-output>
          </reporter-output>
        </test-method> <!-- tearDown -->
      </class> <!-- com.testcases.PolicySearch_TestCase -->
    </test> <!-- Customercare v1 -->
  </suite> <!-- CustomerCare -->
</testng-results>
